2017-04-24 18:26:46 端口号：COM2
2017-04-24 18:26:49 发送数据：56 00 32 0C 00 0A 00 00 00 00 00 00 08 00 0B B8
2017-04-24 18:27:04 发送数据：56 00 32 0C 00 0A 00 00 00 00 00 00 08 00 0B B8
2017-04-24 18:28:44 端口号：COM2
2017-04-24 18:28:59 发送数据：56 00 32 0C 00 0A 00 00 00 00 00 00 08 00 0B B8
2017-04-24 18:31:41 端口号：COM2
2017-04-24 18:31:46 发送数据：56 00 32 0C 00 0A 00 00 00 00 00 00 08 00 0B B8
2017-04-24 18:32:15 发送数据：56 00 32 0C 00 0A 00 00 00 00 00 00 08 00 0B B8
2017-04-24 18:33:30 发送数据：56 00 32 0C 00 0A 00 00 00 00 00 00 08 00 0B B8
2017-04-24 18:36:05 端口号：COM2
2017-04-24 18:36:06 发送数据：56 00 32 0C 00 0A 00 00 00 00 00 00 08 00 0B B8
2017-04-24 18:37:08 端口号：COM2
2017-04-24 18:37:14 发送数据：56 00 32 0C 00 0A 00 00 00 00 00 00 08 00 0B B8
2017-04-24 21:34:49 端口号：COM2
2017-04-24 21:34:51 发送数据：56 00 32 0C 00 0A 00 00 00 00 00 00 08 00 0B B8
2017-04-24 21:35:19 发送数据：56 00 32 0C 00 0A 00 00 00 00 00 00 08 00 0B B8
2017-04-24 21:37:21 端口号：COM2
2017-04-24 21:37:37 端口号：COM2
2017-04-24 21:37:38 发送数据：56 00 32 0C 00 0A 00 00 00 00 00 00 08 00 0B B8
2017-04-24 21:39:11 端口号：COM2
2017-04-24 21:39:13 发送数据：56 00 32 0C 00 0A 00 00 00 00 00 00 08 00 0B B8
2017-04-24 22:42:17 端口号：COM2
2017-04-24 22:42:20 发送数据：56 00 32 0C 00 0A 00 00 00 00 00 00 08 00 0B B8
2017-04-24 22:44:53 端口号：COM2
2017-04-24 22:45:07 发送数据：56 00 32 0C 00 0A 00 00 00 00 00 00 08 00 0B B8
2017-04-24 22:46:24 发送数据：56 00 32 0C 00 0A 00 00 00 00 00 00 08 00 0B B8
2017-04-24 22:49:11 端口号：COM2
2017-04-24 22:49:36 发送数据：56 00 32 0C 00 0A 00 00 00 00 00 00 08 00 0B B8
2017-04-24 22:51:33 端口号：COM2
2017-04-24 22:51:36 发送数据：56 00 32 0C 00 0A 00 00 00 00 00 00 08 00 0B B8
2017-04-24 23:17:01 端口号：COM2
2017-04-24 23:17:03 发送数据：56 00 32 0C 00 0A 00 00 00 00 00 00 08 00 0B B8
2017-04-24 23:17:28 发送数据：56 00 32 0C 00 0A 00 00 00 00 00 00 08 00 0B B8
2017-04-24 23:26:57 端口号：COM2
2017-04-24 23:26:58 发送数据：56 00 32 0C 00 0A 00 00 00 00 00 00 08 00 0B B8
2017-04-24 23:27:22 端口号：COM2
2017-04-24 23:27:27 发送数据：56 00 32 0C 00 0A 00 00 00 00 00 00 08 00 0B B8
2017-04-24 23:28:16 端口号：COM2
2017-04-24 23:28:18 发送数据：56 00 32 0C 00 0A 00 00 00 00 00 00 08 00 0B B8
2017-04-24 23:31:47 端口号：COM2
2017-04-24 23:31:49 发送数据：56 00 32 0C 00 0A 00 00 00 00 00 00 08 00 0B B8
2017-04-24 23:32:43 端口号：COM2
2017-04-24 23:32:44 发送数据：56 00 32 0C 00 0A 00 00 00 00 00 00 08 00 0B B8
2017-04-24 23:34:28 端口号：COM2
2017-04-24 23:34:30 发送数据：56 00 32 0C 00 0A 00 00 00 00 00 00 08 00 0B B8
2017-04-24 23:34:37 发送数据：56 00 32 0C 00 0A 00 00 00 00 00 00 08 00 0B B8
2017-04-24 23:34:52 发送数据：56 00 32 0C 00 0A 00 00 00 00 00 00 08 00 0B B8
2017-04-25 00:06:13 端口号：COM2
2017-04-25 00:06:14 发送数据：56 00 36 01 00
2017-04-25 00:06:39 端口号：COM2
2017-04-25 00:06:40 发送数据：56 00 36 01 00
2017-04-25 00:08:40 端口号：COM2
2017-04-25 00:08:41 发送数据：56 00 36 01 00
2017-04-25 00:08:51 发送数据：56 00 34 01 00
2017-04-25 00:11:34 端口号：COM2
2017-04-25 00:11:36 发送数据：56 00 36 01 00
2017-04-25 00:11:47 发送数据：56 00 34 01 00
2017-04-25 00:12:32 发送数据：56 00 32 0C 00 0A 00 00 00 00 00 00 08 00 0B B8
2017-04-25 00:14:06 端口号：COM2
2017-04-25 00:14:07 发送数据：56 00 36 01 00
2017-04-25 00:14:17 发送数据：56 00 34 01 00
2017-04-25 00:14:30 发送数据：56 00 32 0C 00 0A 00 00 00 00 00 00 08 00 0B B8
2017-04-25 00:34:53 端口号：COM2
2017-04-25 00:43:00 端口号：COM2
2017-04-25 00:43:02 发送数据：56 00 36 01 00
2017-04-25 00:43:10 发送数据：56 00 34 01 00
2017-04-25 00:43:11 发送数据：56 00 32 0C 00 0A 00 00 00 00 00 00 08 00 0B B8
2017-04-25 00:44:31 端口号：COM2
2017-04-25 00:44:32 发送数据：56 00 36 01 00
2017-04-25 00:44:38 发送数据：56 00 34 01 00
2017-04-25 00:44:38 发送数据：56 00 32 0C 00 0A 00 00 00 00 00 00 08 00 0B B8
2017-04-25 00:45:17 发送数据：56 00 32 0C 00 0A 00 00 08 00 00 00 08 00 0B B8
2017-04-25 00:45:45 发送数据：56 00 32 0C 00 0A 00 00 10 00 00 00 08 00 0B B8
2017-04-25 00:46:11 发送数据：56 00 32 0C 00 0A 00 00 18 00 00 00 08 00 0B B8
2017-04-25 00:46:32 发送数据：56 00 32 0C 00 0A 00 00 20 00 00 00 08 00 0B B8
2017-04-25 00:54:11 端口号：COM2
2017-04-25 00:54:12 发送数据：56 00 36 01 00
2017-04-25 00:54:13 发送数据：56 00 34 01 00
2017-04-25 00:54:13 发送数据：56 00 32 0C 00 0A 00 00 00 00 00 00 08 00 0B B8
2017-04-25 00:54:16 发送数据：56 00 32 0C 00 0A 00 00 08 00 00 00 08 00 0B B8
2017-04-25 00:54:17 发送数据：56 00 32 0C 00 0A 00 00 10 00 00 00 08 00 0B B8
2017-04-25 00:54:17 发送数据：56 00 32 0C 00 0A 00 00 18 00 00 00 08 00 0B B8
2017-04-25 01:14:09 端口号：COM2
2017-04-25 01:14:10 发送数据：56 00 36 01 00
2017-04-25 01:14:11 发送数据：56 00 34 01 00
2017-04-25 01:14:11 发送数据：56 00 32 0C 00 0A 00 00 00 00 00 00 08 00 0B B8
2017-04-25 01:14:11 发送数据：56 00 32 0C 00 0A 00 00 08 00 00 00 08 00 0B B8
2017-04-25 01:14:11 发送数据：56 00 32 0C 00 0A 00 00 10 00 00 00 08 00 0B B8
2017-04-25 01:14:11 发送数据：56 00 32 0C 00 0A 00 00 18 00 00 00 08 00 0B B8
2017-04-25 01:14:30 发送数据：56 00 32 0C 00 0A 00 00 20 00 00 00 04 D0 0B B8
2017-04-25 01:14:48 发送数据：56 00 36 01 00
2017-04-25 01:14:48 发送数据：56 00 34 01 00
2017-04-25 01:14:48 发送数据：56 00 32 0C 00 0A 00 00 00 00 00 00 08 00 0B B8
2017-04-25 01:16:10 端口号：COM2
2017-04-25 01:16:30 发送数据：56 00 36 01 00
2017-04-25 01:16:30 发送数据：56 00 34 01 00
2017-04-25 01:16:37 发送数据：56 00 32 0C 00 0A 00 00 00 00 00 00 08 00 0B B8
2017-04-25 01:17:32 发送数据：56 00 32 0C 00 0A 00 00 08 00 00 00 08 00 0B B8
2017-04-25 01:17:45 发送数据：56 00 32 0C 00 0A 00 00 10 00 00 00 08 00 0B B8
2017-04-25 01:17:51 发送数据：56 00 32 0C 00 0A 00 00 18 00 00 00 08 00 0B B8
2017-04-25 01:23:58 端口号：COM2
2017-04-25 01:24:09 发送数据：56 00 36 01 00
2017-04-25 01:24:10 发送数据：56 00 34 01 00
2017-04-25 01:24:42 发送数据：56 00 32 0C 00 0A 00 00 00 00 00 00 08 00 0B B8
2017-04-25 01:25:34 发送数据：56 00 32 0C 00 0A 00 00 08 00 00 00 08 00 0B B8
2017-04-25 01:25:53 发送数据：56 00 32 0C 00 0A 00 00 10 00 00 00 08 00 0B B8
2017-04-25 01:26:04 发送数据：56 00 32 0C 00 0A 00 00 18 00 00 00 08 00 0B B8
2017-04-25 01:27:49 发送数据：56 00 32 0C 00 0A 00 00 20 00 00 00 04 E7 0B B8
2017-04-25 01:30:09 发送数据：56 00 36 01 02
2017-04-25 01:30:10 发送数据：56 00 34 01 00
2017-04-25 01:30:55 发送数据：56 00 32 0C 00 0A 00 00 00 00 00 00 08 00 0B B8
2017-04-25 01:30:58 发送数据：56 00 32 0C 00 0A 00 00 08 00 00 00 08 00 0B B8
2017-04-25 01:30:58 发送数据：56 00 32 0C 00 0A 00 00 10 00 00 00 08 00 0B B8
2017-04-25 01:30:58 发送数据：56 00 32 0C 00 0A 00 00 18 00 00 00 08 00 0B B8
2017-04-25 01:31:00 发送数据：56 00 32 0C 00 0A 00 00 20 00 00 00 04 CE 0B B8
2017-04-25 01:31:04 发送数据：56 00 36 01 02
2017-04-25 01:31:05 发送数据：56 00 34 01 00
2017-04-25 01:31:10 发送数据：56 00 32 0C 00 0A 00 00 00 00 00 00 08 00 0B B8
2017-04-25 01:31:11 发送数据：56 00 32 0C 00 0A 00 00 08 00 00 00 08 00 0B B8
2017-04-25 01:31:11 发送数据：56 00 32 0C 00 0A 00 00 10 00 00 00 08 00 0B B8
2017-04-25 01:31:11 发送数据：56 00 32 0C 00 0A 00 00 18 00 00 00 08 00 0B B8
2017-04-25 01:31:16 发送数据：56 00 32 0C 00 0A 00 00 20 00 00 00 04 A3 0B B8
2017-04-25 01:31:16 发送数据：56 00 36 01 02
2017-04-25 01:31:16 发送数据：56 00 34 01 00
2017-04-25 01:31:16 发送数据：56 00 32 0C 00 0A 00 00 00 00 00 00 08 00 0B B8
2017-04-25 01:31:17 发送数据：56 00 32 0C 00 0A 00 00 08 00 00 00 08 00 0B B8
2017-04-25 01:31:17 发送数据：56 00 32 0C 00 0A 00 00 10 00 00 00 08 00 0B B8
2017-04-25 01:31:17 发送数据：56 00 32 0C 00 0A 00 00 18 00 00 00 08 00 0B B8
2017-04-25 01:31:17 发送数据：56 00 32 0C 00 0A 00 00 20 00 00 00 04 D9 0B B8
2017-04-25 01:31:17 发送数据：56 00 36 01 02
2017-04-25 01:31:18 发送数据：56 00 34 01 00
2017-04-25 01:31:18 发送数据：56 00 32 0C 00 0A 00 00 00 00 00 00 08 00 0B B8
2017-04-25 01:31:18 发送数据：56 00 32 0C 00 0A 00 00 08 00 00 00 08 00 0B B8
2017-04-25 01:31:18 发送数据：56 00 32 0C 00 0A 00 00 10 00 00 00 08 00 0B B8
2017-04-25 01:31:19 发送数据：56 00 32 0C 00 0A 00 00 18 00 00 00 08 00 0B B8
2017-04-25 01:31:19 发送数据：56 00 32 0C 00 0A 00 00 20 00 00 00 04 D6 0B B8
2017-04-25 01:31:19 发送数据：56 00 36 01 02
2017-04-25 01:31:19 发送数据：56 00 34 01 00
2017-04-25 01:31:19 发送数据：56 00 32 0C 00 0A 00 00 00 00 00 00 08 00 0B B8
2017-04-25 01:31:20 发送数据：56 00 32 0C 00 0A 00 00 08 00 00 00 08 00 0B B8
2017-04-25 01:31:20 发送数据：56 00 32 0C 00 0A 00 00 10 00 00 00 08 00 0B B8
2017-04-25 01:31:20 发送数据：56 00 32 0C 00 0A 00 00 18 00 00 00 08 00 0B B8
2017-04-25 01:31:20 发送数据：56 00 32 0C 00 0A 00 00 20 00 00 00 04 F0 0B B8
2017-04-25 01:31:21 发送数据：56 00 36 01 02
2017-04-25 01:31:21 发送数据：56 00 34 01 00
2017-04-25 01:31:26 发送数据：56 00 36 01 00
2017-04-25 01:31:27 发送数据：56 00 34 01 00
2017-04-25 01:31:27 发送数据：56 00 32 0C 00 0A 00 00 00 00 00 00 08 00 0B B8
2017-04-25 01:31:27 发送数据：56 00 32 0C 00 0A 00 00 08 00 00 00 08 00 0B B8
2017-04-25 01:31:27 发送数据：56 00 32 0C 00 0A 00 00 10 00 00 00 08 00 0B B8
2017-04-25 01:31:28 发送数据：56 00 32 0C 00 0A 00 00 18 00 00 00 08 00 0B B8
2017-04-25 01:31:28 发送数据：56 00 32 0C 00 0A 00 00 20 00 00 00 04 DE 0B B8
2017-04-25 01:31:28 发送数据：56 00 36 01 02
2017-04-25 01:31:29 发送数据：56 00 34 01 00
2017-04-25 01:31:29 发送数据：56 00 32 0C 00 0A 00 00 00 00 00 00 08 00 0B B8
2017-04-25 01:31:29 发送数据：56 00 32 0C 00 0A 00 00 08 00 00 00 08 00 0B B8
2017-04-25 01:31:29 发送数据：56 00 32 0C 00 0A 00 00 10 00 00 00 08 00 0B B8
2017-04-25 01:31:29 发送数据：56 00 32 0C 00 0A 00 00 18 00 00 00 08 00 0B B8
2017-04-25 01:31:29 发送数据：56 00 32 0C 00 0A 00 00 20 00 00 00 04 D6 0B B8
2017-04-25 01:31:30 发送数据：56 00 36 01 02
2017-04-25 01:31:30 发送数据：56 00 34 01 00
2017-04-25 01:31:30 发送数据：56 00 32 0C 00 0A 00 00 00 00 00 00 08 00 0B B8
2017-04-25 01:31:43 端口号：COM2
2017-04-25 01:31:45 发送数据：56 00 36 01 00
2017-04-25 01:31:45 发送数据：56 00 34 01 00
2017-04-25 01:31:45 发送数据：56 00 32 0C 00 0A 00 00 00 00 00 00 08 00 0B B8
2017-04-25 01:31:46 发送数据：56 00 32 0C 00 0A 00 00 08 00 00 00 08 00 0B B8
2017-04-25 01:31:46 发送数据：56 00 32 0C 00 0A 00 00 10 00 00 00 08 00 0B B8
2017-04-25 01:31:46 发送数据：56 00 32 0C 00 0A 00 00 18 00 00 00 08 00 0B B8
2017-04-25 01:31:46 发送数据：56 00 32 0C 00 0A 00 00 20 00 00 00 04 EE 0B B8
2017-04-25 01:31:48 发送数据：56 00 36 01 02
2017-04-25 01:31:48 发送数据：56 00 34 01 00
2017-04-25 01:31:48 发送数据：56 00 32 0C 00 0A 00 00 00 00 00 00 08 00 0B B8
2017-04-25 01:31:48 发送数据：56 00 32 0C 00 0A 00 00 08 00 00 00 08 00 0B B8
2017-04-25 01:31:49 发送数据：56 00 32 0C 00 0A 00 00 10 00 00 00 08 00 0B B8
2017-04-25 01:31:49 发送数据：56 00 32 0C 00 0A 00 00 18 00 00 00 08 00 0B B8
2017-04-25 01:31:49 发送数据：56 00 32 0C 00 0A 00 00 20 00 00 00 04 C5 0B B8
2017-04-25 01:31:54 发送数据：56 00 36 01 02
2017-04-25 01:31:55 发送数据：56 00 34 01 00
2017-04-25 01:31:55 发送数据：56 00 32 0C 00 0A 00 00 00 00 00 00 08 00 0B B8
2017-04-25 01:31:55 发送数据：56 00 32 0C 00 0A 00 00 08 00 00 00 08 00 0B B8
2017-04-25 01:31:55 发送数据：56 00 32 0C 00 0A 00 00 10 00 00 00 08 00 0B B8
2017-04-25 01:31:56 发送数据：56 00 32 0C 00 0A 00 00 18 00 00 00 08 00 0B B8
2017-04-25 01:31:56 发送数据：56 00 32 0C 00 0A 00 00 20 00 00 00 04 D5 0B B8
2017-04-25 01:31:57 发送数据：56 00 36 01 02
2017-04-25 01:31:58 发送数据：56 00 34 01 00
2017-04-25 01:31:58 发送数据：56 00 32 0C 00 0A 00 00 00 00 00 00 08 00 0B B8
2017-04-25 01:31:58 发送数据：56 00 32 0C 00 0A 00 00 08 00 00 00 08 00 0B B8
2017-04-25 01:31:58 发送数据：56 00 32 0C 00 0A 00 00 10 00 00 00 08 00 0B B8
2017-04-25 01:31:58 发送数据：56 00 32 0C 00 0A 00 00 18 00 00 00 08 00 0B B8
2017-04-25 01:31:58 发送数据：56 00 32 0C 00 0A 00 00 20 00 00 00 04 DC 0B B8
2017-04-25 01:31:59 发送数据：56 00 36 01 02
2017-04-25 01:32:00 发送数据：56 00 34 01 00
2017-04-25 01:32:00 发送数据：56 00 32 0C 00 0A 00 00 00 00 00 00 08 00 0B B8
2017-04-25 01:32:00 发送数据：56 00 32 0C 00 0A 00 00 08 00 00 00 08 00 0B B8
2017-04-25 01:32:01 发送数据：56 00 32 0C 00 0A 00 00 10 00 00 00 08 00 0B B8
2017-04-25 01:32:01 发送数据：56 00 32 0C 00 0A 00 00 18 00 00 00 08 00 0B B8
2017-04-25 01:32:01 发送数据：56 00 32 0C 00 0A 00 00 20 00 00 00 04 BE 0B B8
2017-04-25 01:32:02 发送数据：56 00 36 01 02
2017-04-25 01:32:02 发送数据：56 00 34 01 00
2017-04-25 01:32:03 发送数据：56 00 32 0C 00 0A 00 00 00 00 00 00 08 00 0B B8
2017-04-25 01:32:03 发送数据：56 00 32 0C 00 0A 00 00 08 00 00 00 08 00 0B B8
2017-04-25 01:32:03 发送数据：56 00 32 0C 00 0A 00 00 10 00 00 00 08 00 0B B8
2017-04-25 01:32:03 发送数据：56 00 32 0C 00 0A 00 00 18 00 00 00 08 00 0B B8
2017-04-25 01:32:03 发送数据：56 00 32 0C 00 0A 00 00 20 00 00 00 04 BB 0B B8
2017-04-25 01:32:04 发送数据：56 00 36 01 02
2017-04-25 01:32:05 发送数据：56 00 34 01 00
2017-04-25 01:32:05 发送数据：56 00 32 0C 00 0A 00 00 00 00 00 00 08 00 0B B8
2017-04-25 01:32:05 发送数据：56 00 32 0C 00 0A 00 00 08 00 00 00 08 00 0B B8
2017-04-25 01:32:05 发送数据：56 00 32 0C 00 0A 00 00 10 00 00 00 08 00 0B B8
2017-04-25 01:32:06 发送数据：56 00 32 0C 00 0A 00 00 18 00 00 00 08 00 0B B8
2017-04-25 01:32:06 发送数据：56 00 32 0C 00 0A 00 00 20 00 00 00 04 CB 0B B8
2017-04-25 01:33:52 端口号：COM2
2017-04-25 01:33:54 发送数据：56 00 36 01 00
2017-04-25 01:33:54 发送数据：56 00 34 01 00
2017-04-25 01:33:54 发送数据：56 00 32 0C 00 0A 00 00 00 00 00 00 08 00 0B B8
2017-04-25 01:33:54 发送数据：56 00 32 0C 00 0A 00 00 08 00 00 00 08 00 0B B8
2017-04-25 01:33:55 发送数据：56 00 32 0C 00 0A 00 00 10 00 00 00 08 00 0B B8
2017-04-25 01:33:55 发送数据：56 00 32 0C 00 0A 00 00 18 00 00 00 08 00 0B B8
2017-04-25 01:33:55 发送数据：56 00 32 0C 00 0A 00 00 20 00 00 00 04 C4 0B B8
2017-04-25 01:33:58 发送数据：56 00 36 01 02
2017-04-25 01:33:59 发送数据：56 00 34 01 00
2017-04-25 09:37:00 端口号：COM2
2017-04-25 09:37:03 发送数据：56 00 36 01 00
2017-04-25 09:37:03 发送数据：56 00 34 01 00
2017-04-25 09:37:03 发送数据：56 00 32 0C 00 0A 00 00 00 00 00 00 08 00 0B B8
2017-04-25 09:37:03 发送数据：56 00 32 0C 00 0A 00 00 08 00 00 00 08 00 0B B8
2017-04-25 09:37:04 发送数据：56 00 32 0C 00 0A 00 00 10 00 00 00 08 00 0B B8
2017-04-25 09:37:04 发送数据：56 00 32 0C 00 0A 00 00 18 00 00 00 08 00 0B B8
2017-04-25 09:37:04 发送数据：56 00 32 0C 00 0A 00 00 20 00 00 00 08 00 0B B8
2017-04-25 09:37:17 发送数据：56 00 36 01 00
2017-04-25 09:37:17 发送数据：56 00 34 01 00
2017-04-25 09:37:17 发送数据：56 00 32 0C 00 0A 00 00 00 00 00 00 08 00 0B B8
2017-04-25 09:37:24 发送数据：56 00 36 01 02
2017-04-25 09:37:24 发送数据：56 00 34 01 00
2017-05-02 11:30:23 端口号：COM2
2017-05-02 11:30:28 发送数据：56 00 36 01 00
2017-05-02 11:30:28 发送数据：56 00 34 01 00
2017-05-02 11:30:28 发送数据：56 00 32 0C 00 0A 00 00 00 00 00 00 08 00 0B B8
2017-05-02 11:30:28 发送数据：56 00 32 0C 00 0A 00 00 08 00 00 00 08 00 0B B8
2017-05-02 11:30:29 发送数据：56 00 32 0C 00 0A 00 00 10 00 00 00 08 00 0B B8
2017-05-02 11:30:29 发送数据：56 00 32 0C 00 0A 00 00 18 00 00 00 08 00 0B B8
2017-05-02 11:30:29 发送数据：56 00 32 0C 00 0A 00 00 20 00 00 00 05 D7 0B B8
2017-05-02 11:30:29 发送数据：56 00 36 01 02
2017-05-02 11:30:29 发送数据：56 00 34 01 00
